2025-12-23 14:32:19 [background-preinit] INFO  o.h.validator.internal.util.Version [correlationId=] [userId=] - HV000001: Hibernate Validator 8.0.3.Final
2025-12-23 14:32:19 [restartedMain] INFO  c.h.medicarex.MediCareXApplication [correlationId=] [userId=] - Starting MediCareXApplication using Java 21.0.8 with PID 8856 (F:\Medical Project\medicarex\target\classes started by DELL in F:\Medical Project\medicarex)
2025-12-23 14:32:19 [restartedMain] DEBUG c.h.medicarex.MediCareXApplication [correlationId=] [userId=] - Running with Spring Boot v3.4.12, Spring v6.2.14
2025-12-23 14:32:19 [restartedMain] INFO  c.h.medicarex.MediCareXApplication [correlationId=] [userId=] - The following 1 profile is active: "dev"
2025-12-23 14:32:20 [restartedMain] INFO  o.s.b.d.e.DevToolsPropertyDefaultsPostProcessor [correlationId=] [userId=] - Devtools property defaults active! Set 'spring.devtools.add-properties' to 'false' to disable
2025-12-23 14:32:20 [restartedMain] INFO  o.s.b.d.e.DevToolsPropertyDefaultsPostProcessor [correlationId=] [userId=] - For additional web related logging consider setting the 'logging.level.web' property to 'DEBUG'
2025-12-23 14:32:21 [restartedMain] INFO  o.s.d.r.c.RepositoryConfigurationDelegate [correlationId=] [userId=] - Bootstrapping Spring Data JPA repositories in DEFAULT mode.
2025-12-23 14:32:21 [restartedMain] INFO  o.s.d.r.c.RepositoryConfigurationDelegate [correlationId=] [userId=] - Finished Spring Data repository scanning in 94 ms. Found 12 JPA repository interfaces.
2025-12-23 14:32:23 [restartedMain] INFO  o.s.b.w.e.tomcat.TomcatWebServer [correlationId=] [userId=] - Tomcat initialized with port 8080 (http)
2025-12-23 14:32:24 [restartedMain] INFO  o.a.coyote.http11.Http11NioProtocol [correlationId=] [userId=] - Initializing ProtocolHandler ["http-nio-8080"]
2025-12-23 14:32:24 [restartedMain] INFO  o.a.catalina.core.StandardService [correlationId=] [userId=] - Starting service [Tomcat]
2025-12-23 14:32:24 [restartedMain] INFO  o.a.catalina.core.StandardEngine [correlationId=] [userId=] - Starting Servlet engine: [Apache Tomcat/10.1.49]
2025-12-23 14:32:24 [restartedMain] INFO  o.a.c.c.C.[Tomcat].[localhost].[/] [correlationId=] [userId=] - Initializing Spring embedded WebApplicationContext
2025-12-23 14:32:24 [restartedMain] INFO  o.s.b.w.s.c.ServletWebServerApplicationContext [correlationId=] [userId=] - Root WebApplicationContext: initialization completed in 3929 ms
2025-12-23 14:32:24 [restartedMain] INFO  com.zaxxer.hikari.HikariDataSource [correlationId=] [userId=] - HikariPool-1 - Starting...
2025-12-23 14:32:25 [restartedMain] INFO  com.zaxxer.hikari.pool.HikariPool [correlationId=] [userId=] - HikariPool-1 - Added connection com.mysql.cj.jdbc.ConnectionImpl@18047a20
2025-12-23 14:32:25 [restartedMain] INFO  com.zaxxer.hikari.HikariDataSource [correlationId=] [userId=] - HikariPool-1 - Start completed.
2025-12-23 14:32:25 [restartedMain] INFO  org.flywaydb.core.FlywayExecutor [correlationId=] [userId=] - Database: jdbc:mysql://localhost:3306/medicarex_db (MySQL 9.4)
2025-12-23 14:32:25 [restartedMain] WARN  o.f.c.i.database.base.Database [correlationId=] [userId=] - Flyway upgrade recommended: MySQL 9.4 is newer than this version of Flyway and support has not been tested. The latest supported version of MySQL is 8.1.
2025-12-23 14:32:26 [restartedMain] INFO  o.f.core.internal.command.DbValidate [correlationId=] [userId=] - Successfully validated 1 migration (execution time 00:00.119s)
2025-12-23 14:32:26 [restartedMain] INFO  o.f.core.internal.command.DbMigrate [correlationId=] [userId=] - Current version of schema `medicarex_db`: 1
2025-12-23 14:32:26 [restartedMain] INFO  o.f.core.internal.command.DbMigrate [correlationId=] [userId=] - Schema `medicarex_db` is up to date. No migration necessary.
2025-12-23 14:32:26 [restartedMain] INFO  o.h.jpa.internal.util.LogHelper [correlationId=] [userId=] - HHH000204: Processing PersistenceUnitInfo [name: default]
2025-12-23 14:32:27 [restartedMain] INFO  org.hibernate.Version [correlationId=] [userId=] - HHH000412: Hibernate ORM core version 6.6.36.Final
2025-12-23 14:32:27 [restartedMain] INFO  o.h.c.i.RegionFactoryInitiator [correlationId=] [userId=] - HHH000025: Second-level cache region factory [org.hibernate.cache.jcache.internal.JCacheRegionFactory]
2025-12-23 14:32:27 [restartedMain] INFO  o.s.o.j.p.SpringPersistenceUnitInfo [correlationId=] [userId=] - No LoadTimeWeaver setup: ignoring JPA class transformer
2025-12-23 14:32:27 [restartedMain] WARN  org.hibernate.orm.deprecation [correlationId=] [userId=] - HHH90000025: MySQLDialect does not need to be specified explicitly using 'hibernate.dialect' (remove the property setting and it will be selected by default)
2025-12-23 14:32:27 [restartedMain] INFO  o.hibernate.orm.connections.pooling [correlationId=] [userId=] - HHH10001005: Database info:
	Database JDBC URL [Connecting through datasource 'HikariDataSource (HikariPool-1)']
	Database driver: undefined/unknown
	Database version: 9.4
	Autocommit mode: undefined/unknown
	Isolation level: undefined/unknown
	Minimum pool size: undefined/unknown
	Maximum pool size: undefined/unknown
2025-12-23 14:32:28 [restartedMain] WARN  org.hibernate.orm.cache [correlationId=] [userId=] - HHH90001006: Missing cache[default-update-timestamps-region] was created on-the-fly. The created cache will use a provider-specific default configuration: make sure you defined one. You can disable this warning by setting 'hibernate.javax.cache.missing_cache_strategy' to 'create'.
2025-12-23 14:32:28 [restartedMain] INFO  o.ehcache.jsr107.Eh107CacheManager [correlationId=] [userId=] - Registering Ehcache MBean javax.cache:type=CacheStatistics,CacheManager=urn.X-ehcache.jsr107-default-config,Cache=default-update-timestamps-region
2025-12-23 14:32:28 [restartedMain] INFO  org.ehcache.core.EhcacheManager [correlationId=] [userId=] - Cache 'default-update-timestamps-region' created in EhcacheManager.
2025-12-23 14:32:28 [restartedMain] WARN  org.hibernate.orm.cache [correlationId=] [userId=] - HHH90001006: Missing cache[default-query-results-region] was created on-the-fly. The created cache will use a provider-specific default configuration: make sure you defined one. You can disable this warning by setting 'hibernate.javax.cache.missing_cache_strategy' to 'create'.
2025-12-23 14:32:28 [restartedMain] INFO  o.ehcache.jsr107.Eh107CacheManager [correlationId=] [userId=] - Registering Ehcache MBean javax.cache:type=CacheStatistics,CacheManager=urn.X-ehcache.jsr107-default-config,Cache=default-query-results-region
2025-12-23 14:32:28 [restartedMain] INFO  org.ehcache.core.EhcacheManager [correlationId=] [userId=] - Cache 'default-query-results-region' created in EhcacheManager.
2025-12-23 14:32:29 [restartedMain] INFO  o.h.e.t.j.p.i.JtaPlatformInitiator [correlationId=] [userId=] - HHH000489: No JTA platform available (set 'hibernate.transaction.jta.platform' to enable JTA platform integration)
2025-12-23 14:32:29 [restartedMain] INFO  o.s.o.j.LocalContainerEntityManagerFactoryBean [correlationId=] [userId=] - Initialized JPA EntityManagerFactory for persistence unit 'default'
2025-12-23 14:32:30 [restartedMain] INFO  o.s.d.j.r.query.QueryEnhancerFactory [correlationId=] [userId=] - Hibernate is in classpath; If applicable, HQL parser will be used.
2025-12-23 14:32:31 [restartedMain] INFO  o.s.s.c.a.a.c.InitializeAuthenticationProviderBeanManagerConfigurer$InitializeAuthenticationProviderManagerConfigurer [correlationId=] [userId=] - Global AuthenticationManager configured with AuthenticationProvider bean with name authenticationProvider
2025-12-23 14:32:31 [restartedMain] WARN  o.s.s.c.a.a.c.InitializeUserDetailsBeanManagerConfigurer$InitializeUserDetailsManagerConfigurer [correlationId=] [userId=] - Global AuthenticationManager configured with an AuthenticationProvider bean. UserDetailsService beans will not be used by Spring Security for automatically configuring username/password login. Consider removing the AuthenticationProvider bean. Alternatively, consider using the UserDetailsService in a manually instantiated DaoAuthenticationProvider. If the current configuration is intentional, to turn off this warning, increase the logging level of 'org.springframework.security.config.annotation.authentication.configuration.InitializeUserDetailsBeanManagerConfigurer' to ERROR
2025-12-23 14:32:33 [restartedMain] INFO  o.s.b.a.e.web.EndpointLinksResolver [correlationId=] [userId=] - Exposing 1 endpoint beneath base path '/actuator'
2025-12-23 14:32:33 [restartedMain] WARN  o.s.b.a.o.j.JpaBaseConfiguration$JpaWebConfiguration [correlationId=] [userId=] - spring.jpa.open-in-view is enabled by default. Therefore, database queries may be performed during view rendering. Explicitly configure spring.jpa.open-in-view to disable this warning
2025-12-23 14:32:34 [restartedMain] DEBUG o.s.s.web.DefaultSecurityFilterChain [correlationId=] [userId=] - Will secure any request with filters: DisableEncodeUrlFilter, WebAsyncManagerIntegrationFilter, SecurityContextHolderFilter, HeaderWriterFilter, LogoutFilter, JwtAuthenticationFilter, UsernamePasswordAuthenticationFilter, RequestCacheAwareFilter, SecurityContextHolderAwareRequestFilter, AnonymousAuthenticationFilter, SessionManagementFilter, ExceptionTranslationFilter, AuthorizationFilter
2025-12-23 14:32:37 [restartedMain] INFO  o.s.b.d.a.OptionalLiveReloadServer [correlationId=] [userId=] - LiveReload server is running on port 35729
2025-12-23 14:32:37 [restartedMain] INFO  o.a.coyote.http11.Http11NioProtocol [correlationId=] [userId=] - Starting ProtocolHandler ["http-nio-8080"]
2025-12-23 14:32:37 [restartedMain] INFO  o.s.b.w.e.tomcat.TomcatWebServer [correlationId=] [userId=] - Tomcat started on port 8080 (http) with context path '/'
2025-12-23 14:32:37 [restartedMain] INFO  c.h.medicarex.MediCareXApplication [correlationId=] [userId=] - Started MediCareXApplication in 18.507 seconds (process running for 19.194)
